<?xml version="1.0" encoding="UTF-8"?>
<!-- Generated by org.testng.reporters.JUnitReportReporter -->
<testsuite hostname="DESKTOP-PNRSK9L" failures="0" tests="4" name="com.ffm.runner.TestRunner" time="95.486" errors="0" timestamp="2021-06-07T00:51:35 BDT" skipped="0">
  <testcase classname="com.ffm.runner.TestRunner" name="runScenario" time="20.884"/>
  <system-out/>
  <testcase classname="com.ffm.runner.TestRunner" name="runScenario" time="23.859"/>
  <system-out/>
  <testcase classname="com.ffm.runner.TestRunner" name="runScenario" time="30.964"/>
  <system-out/>
  <testcase classname="com.ffm.runner.TestRunner" name="runScenario" time="19.779"/>
  <system-out/>
</testsuite> <!-- com.ffm.runner.TestRunner -->
